Flutter crash report.
Please report a bug at https://github.com/flutter/flutter/issues.

## command

flutter debug_adapter

## exception

RPCError: lookupResolvedPackageUris: (-32603) Unexpected DWDS error for lookupResolvedPackageUris: Bad state: No running isolate (inspector is not set).

```
```

## flutter doctor

```
[✓] Flutter (Channel stable, 3.29.0, on Microsoft Windows [Version 10.0.26100.4351], locale en-US) [2.5s]
    • Flutter version 3.29.0 on channel stable at D:\mahiya softwares\flutter_windows_3.27.4-stable\flutter
    • Upstream repository https://github.com/flutter/flutter.git
    • Framework revision 35c388afb5 (5 months ago), 2025-02-10 12:48:41 -0800
    • Engine revision f73bfc4522
    • Dart version 3.7.0
    • DevTools version 2.42.2

[✓] Windows Version (11 Pro 64-bit, 24H2, 2009) [11.8s]

[✓] Android toolchain - develop for Android devices (Android SDK version 35.0.0-rc1) [9.2s]
    • Android SDK at C:\Users\LENOVO\AppData\Local\Android\sdk
    • Platform android-35, build-tools 35.0.0-rc1
    • Java binary at: C:\Program Files\Android\Android Studio\jbr\bin\java
      This is the JDK bundled with the latest Android Studio installation on this machine.
      To manually set the JDK path, use: `flutter config --jdk-dir="path/to/jdk"`.
    • Java version OpenJDK Runtime Environment (build 17.0.9+0--11185874)
    • All Android licenses accepted.

[✓] Chrome - develop for the web [70ms]
    • Chrome at C:\Program Files\Google\Chrome\Application\chrome.exe

[✓] Android Studio (version 2023.2) [67ms]
    • Android Studio at C:\Program Files\Android\Android Studio
    • Flutter plugin can be installed from:
      🔨 https://plugins.jetbrains.com/plugin/9212-flutter
    • Dart plugin can be installed from:
      🔨 https://plugins.jetbrains.com/plugin/6351-dart
    • Java version OpenJDK Runtime Environment (build 17.0.9+0--11185874)

[✓] Connected device (2 available) [923ms]
    • Chrome (web) • chrome • web-javascript • Google Chrome 138.0.7204.96
    • Edge (web)   • edge   • web-javascript • Microsoft Edge 137.0.3296.83

[✓] Network resources [1,109ms]
    • All expected network resources are available.

• No issues found!
```
