Flutter crash report.
Please report a bug at https://github.com/flutter/flutter/issues.

## command

flutter debug_adapter

## exception

RPCError: getIsolate: (-32603) Unexpected DWDS error for getIsolate: Bad state: No running isolate (inspector is not set).

```
#0      new _OutstandingRequest (package:vm_service/src/vm_service.dart:265:34)
#1      VmService._call.<anonymous closure> (package:vm_service/src/vm_service.dart:1921:25)
#2      VmService._call (package:vm_service/src/vm_service.dart:1933:8)
#3      VmService.getIsolate (package:vm_service/src/vm_service.dart:1009:7)
#4      IsolateManager._sendLibraryDebuggables (package:dds/src/dap/isolate_manager.dart:1034:35)
#5      IsolateManager._configureIsolate (package:dds/src/dap/isolate_manager.dart:555:9)
#6      IsolateManager._handlePause (package:dds/src/dap/isolate_manager.dart:642:13)
#7      IsolateManager.handleEvent (package:dds/src/dap/isolate_manager.dart:202:13)
<asynchronous suspension>
#8      DartDebugAdapter.handleDebugEvent (package:dds/src/dap/adapters/dart.dart:2457:5)
<asynchronous suspension>
#9      DartDebugAdapter._withErrorHandling (package:dds/src/dap/adapters/dart.dart:2819:14)
<asynchronous suspension>
```

## flutter doctor

```
[✓] Flutter (Channel stable, 3.29.0, on Microsoft Windows [Version 10.0.26100.4351], locale en-US) [3.0s]
    • Flutter version 3.29.0 on channel stable at D:\mahiya softwares\flutter_windows_3.27.4-stable\flutter
    • Upstream repository https://github.com/flutter/flutter.git
    • Framework revision 35c388afb5 (5 months ago), 2025-02-10 12:48:41 -0800
    • Engine revision f73bfc4522
    • Dart version 3.7.0
    • DevTools version 2.42.2

[✓] Windows Version (11 Pro 64-bit, 24H2, 2009) [27.4s]

[✓] Android toolchain - develop for Android devices (Android SDK version 35.0.0-rc1) [19.1s]
    • Android SDK at C:\Users\LENOVO\AppData\Local\Android\sdk
    • Platform android-35, build-tools 35.0.0-rc1
    • Java binary at: C:\Program Files\Android\Android Studio\jbr\bin\java
      This is the JDK bundled with the latest Android Studio installation on this machine.
      To manually set the JDK path, use: `flutter config --jdk-dir="path/to/jdk"`.
    • Java version OpenJDK Runtime Environment (build 17.0.9+0--11185874)
    • All Android licenses accepted.

[✓] Chrome - develop for the web [76ms]
    • Chrome at C:\Program Files\Google\Chrome\Application\chrome.exe

[✓] Android Studio (version 2023.2) [64ms]
    • Android Studio at C:\Program Files\Android\Android Studio
    • Flutter plugin can be installed from:
      🔨 https://plugins.jetbrains.com/plugin/9212-flutter
    • Dart plugin can be installed from:
      🔨 https://plugins.jetbrains.com/plugin/6351-dart
    • Java version OpenJDK Runtime Environment (build 17.0.9+0--11185874)

[✓] Connected device (2 available) [4.1s]
    • Chrome (web) • chrome • web-javascript • Google Chrome 137.0.7151.120
    • Edge (web)   • edge   • web-javascript • Microsoft Edge 137.0.3296.83

[✓] Network resources [3.4s]
    • All expected network resources are available.

• No issues found!
```
